[debug] [2021-12-08T09:31:41.887Z] ----------------------------------------------------------------------
[debug] [2021-12-08T09:31:41.889Z] Command:       /usr/bin/node /usr/bin/firebase deploy
[debug] [2021-12-08T09:31:41.890Z] CLI Version:   9.20.0
[debug] [2021-12-08T09:31:41.890Z] Platform:      linux
[debug] [2021-12-08T09:31:41.890Z] Node Version:  v15.14.0
[debug] [2021-12-08T09:31:41.890Z] Time:          Wed Dec 08 2021 15:31:41 GMT+0600 (Bangladesh Standard Time)
[debug] [2021-12-08T09:31:41.890Z] ----------------------------------------------------------------------
[debug] 
[debug] [2021-12-08T09:31:41.948Z] > command requires scopes: ["email","openid","https://www.googleapis.com/auth/cloudplatformprojects.readonly","https://www.googleapis.com/auth/firebase","https://www.googleapis.com/auth/cloud-platform"]
[debug] [2021-12-08T09:31:41.948Z] > authorizing via signed-in user (zanjarwhite@gmail.com)
[debug] [2021-12-08T09:31:41.948Z] [iam] checking project taskmanager-rahi for permissions ["firebase.projects.get","firebasehosting.sites.update"]
[debug] [2021-12-08T09:31:41.950Z] >>> HTTP REQUEST POST https://cloudresourcemanager.googleapis.com/v1/projects/taskmanager-rahi:testIamPermissions  
 {"permissions":["firebase.projects.get","firebasehosting.sites.update"]}
[debug] [2021-12-08T09:31:43.540Z] <<< HTTP RESPONSE 200 {"content-type":"application/json; charset=UTF-8","vary":"X-Origin, Referer, Origin,Accept-Encoding","date":"Wed, 08 Dec 2021 09:31:42 GMT","server":"ESF","cache-control":"private","x-xss-protection":"0","x-frame-options":"SAMEORIGIN","x-content-type-options":"nosniff","server-timing":"gfet4t7; dur=1161","alt-svc":"h3=\":443\"; ma=2592000,h3-29=\":443\"; ma=2592000,h3-Q050=\":443\"; ma=2592000,h3-Q046=\":443\"; ma=2592000,h3-Q043=\":443\"; ma=2592000,quic=\":443\"; ma=2592000; v=\"46,43\"","accept-ranges":"none","transfer-encoding":"chunked"}
[debug] [2021-12-08T09:31:43.550Z] > refreshing access token with scopes: []
[debug] [2021-12-08T09:31:43.551Z] >>> HTTP REQUEST POST https://www.googleapis.com/oauth2/v3/token  
 <request body omitted>
[debug] [2021-12-08T09:31:43.894Z] <<< HTTP RESPONSE 200 {"expires":"Mon, 01 Jan 1990 00:00:00 GMT","pragma":"no-cache","date":"Wed, 08 Dec 2021 09:31:43 GMT","cache-control":"no-cache, no-store, max-age=0, must-revalidate","content-type":"application/json; charset=utf-8","vary":"X-Origin, Referer, Origin,Accept-Encoding","server":"scaffolding on HTTPServer2","x-xss-protection":"0","x-frame-options":"SAMEORIGIN","x-content-type-options":"nosniff","alt-svc":"h3=\":443\"; ma=2592000,h3-29=\":443\"; ma=2592000,h3-Q050=\":443\"; ma=2592000,h3-Q046=\":443\"; ma=2592000,h3-Q043=\":443\"; ma=2592000,quic=\":443\"; ma=2592000; v=\"46,43\"","accept-ranges":"none","transfer-encoding":"chunked"}
[debug] [2021-12-08T09:31:44.112Z] >>> [apiv2][query] GET https://firebase.googleapis.com/v1beta1/projects/taskmanager-rahi [none]
[debug] [2021-12-08T09:31:44.984Z] <<< [apiv2][status] GET https://firebase.googleapis.com/v1beta1/projects/taskmanager-rahi 200
[debug] [2021-12-08T09:31:44.985Z] <<< [apiv2][body] GET https://firebase.googleapis.com/v1beta1/projects/taskmanager-rahi {"projectId":"taskmanager-rahi","projectNumber":"595867120595","displayName":"taskmanager-rahi","name":"projects/taskmanager-rahi","resources":{"hostingSite":"taskmanager-rahi"},"state":"ACTIVE"}
[info] 
[info] === Deploying to 'taskmanager-rahi'...
[info] 
[info] i  deploying hosting 
[debug] [2021-12-08T09:31:44.998Z] > refreshing access token with scopes: ["email","https://www.googleapis.com/auth/cloud-platform","https://www.googleapis.com/auth/cloudplatformprojects.readonly","https://www.googleapis.com/auth/firebase","openid"]
[debug] [2021-12-08T09:31:44.999Z] >>> HTTP REQUEST POST https://www.googleapis.com/oauth2/v3/token  
 <request body omitted>
[debug] [2021-12-08T09:31:45.298Z] <<< HTTP RESPONSE 200 {"expires":"Mon, 01 Jan 1990 00:00:00 GMT","date":"Wed, 08 Dec 2021 09:31:44 GMT","cache-control":"no-cache, no-store, max-age=0, must-revalidate","pragma":"no-cache","content-type":"application/json; charset=utf-8","vary":"X-Origin, Referer, Origin,Accept-Encoding","server":"scaffolding on HTTPServer2","x-xss-protection":"0","x-frame-options":"SAMEORIGIN","x-content-type-options":"nosniff","alt-svc":"h3=\":443\"; ma=2592000,h3-29=\":443\"; ma=2592000,h3-Q050=\":443\"; ma=2592000,h3-Q046=\":443\"; ma=2592000,h3-Q043=\":443\"; ma=2592000,quic=\":443\"; ma=2592000; v=\"46,43\"","accept-ranges":"none","transfer-encoding":"chunked"}
[debug] [2021-12-08T09:31:45.382Z] >>> HTTP REQUEST POST https://firebasehosting.googleapis.com/v1beta1/sites/taskmanager-rahi/versions  
 {"config":{"rewrites":[{"glob":"**","path":"/index.html"}]},"labels":{"deployment-tool":"cli-firebase"}}
[debug] [2021-12-08T09:31:47.318Z] <<< HTTP RESPONSE 200 {"content-type":"application/json; charset=UTF-8","vary":"X-Origin, Referer, Origin,Accept-Encoding","date":"Wed, 08 Dec 2021 09:31:46 GMT","server":"ESF","cache-control":"private","x-xss-protection":"0","x-frame-options":"SAMEORIGIN","x-content-type-options":"nosniff","alt-svc":"h3=\":443\"; ma=2592000,h3-29=\":443\"; ma=2592000,h3-Q050=\":443\"; ma=2592000,h3-Q046=\":443\"; ma=2592000,h3-Q043=\":443\"; ma=2592000,quic=\":443\"; ma=2592000; v=\"46,43\"","accept-ranges":"none","transfer-encoding":"chunked"}
[info] i  hosting[taskmanager-rahi]: beginning deploy... 
[info] i  hosting[taskmanager-rahi]: found 22 files in build 
[debug] [2021-12-08T09:31:47.511Z] > refreshing access token with scopes: []
[debug] [2021-12-08T09:31:47.511Z] >>> HTTP REQUEST POST https://www.googleapis.com/oauth2/v3/token  
 <request body omitted>
[debug] [2021-12-08T09:31:47.512Z] [hosting] hash cache [YnVpbGQ] stored for 22 files
[debug] [2021-12-08T09:31:47.513Z] [hosting][hash queue][FINAL] {"max":149,"min":14,"avg":21.863636363636363,"active":0,"complete":22,"success":22,"errored":0,"retried":0,"total":22,"elapsed":157}
[debug] [2021-12-08T09:31:47.814Z] <<< HTTP RESPONSE 200 {"expires":"Mon, 01 Jan 1990 00:00:00 GMT","pragma":"no-cache","date":"Wed, 08 Dec 2021 09:31:47 GMT","cache-control":"no-cache, no-store, max-age=0, must-revalidate","content-type":"application/json; charset=utf-8","vary":"X-Origin, Referer, Origin,Accept-Encoding","server":"scaffolding on HTTPServer2","x-xss-protection":"0","x-frame-options":"SAMEORIGIN","x-content-type-options":"nosniff","alt-svc":"h3=\":443\"; ma=2592000,h3-29=\":443\"; ma=2592000,h3-Q050=\":443\"; ma=2592000,h3-Q046=\":443\"; ma=2592000,h3-Q043=\":443\"; ma=2592000,quic=\":443\"; ma=2592000; v=\"46,43\"","accept-ranges":"none","transfer-encoding":"chunked"}
[debug] [2021-12-08T09:31:47.891Z] >>> [apiv2][query] POST https://firebasehosting.googleapis.com/v1beta1/sites/taskmanager-rahi/versions/fbf8ef2096248ddd:populateFiles [none]
[debug] [2021-12-08T09:31:47.892Z] >>> [apiv2][body] POST https://firebasehosting.googleapis.com/v1beta1/sites/taskmanager-rahi/versions/fbf8ef2096248ddd:populateFiles {"files":{"/_redirects":"9878e309901b0d71538fac1faa1d2b8702f2479a415a12cb959acf6622201ecd","/asset-manifest.json":"e3b99345179a356cd5d08310b4abf59af3bd22ea83a4467f9aea958d5711f319","/logo192.png":"76c449ccb9cd117c2f2338f091b18f7050f3210e249b2228f5c81b23f34377cd","/manifest.json":"0958a5e0c831126100c8c2d06a6bbaa665a3900f21aaff4130238a6f5a113aa1","/index.html":"082073bc6f32c838fd5e2dc4bf5f6bc52a255e091151b48bcf5d286b7b515f9c","/robots.txt":"2544ca049f223a42bff01f72ad930a5edba75bbb7199d0f8430a02ff5aca16ec","/logo512.png":"7779210d56c1f3741e2e487799fe3092def4fa6ac450a60532b807c3a8971205","/favicon.ico":"17a9e234fdc33b27bef923e8a245bfd680f0fd3dc2798783f9d56f3b0df84e41","/static/css/main.38bcb242.chunk.css":"a657016b32487fba063135bdc08f5ceed8b3ede00333531b500626e656446ebf","/static/css/2.f4c56af9.chunk.css":"108d6283e26978df00bbf7bb0091c647d15d3b855cf40a75b56850e3756f91b1","/static/css/main.38bcb242.chunk.css.map":"018a81d07a283e1653d611f342b90ed45a1558878cb2a6f8c79198461c7576b7","/static/js/2.ab4f64d7.chunk.js.LICENSE.txt":"b60124ece0494d54e57fc65ceac7789369274604d13c69b9706dfb789bd32f0d","/static/css/2.f4c56af9.chunk.css.map":"b38b01c0927df868a41d39b7f9687e7f4190add5555b11b07e228199b30300ee","/static/js/3.a651eba0.chunk.js":"5cb93ebfa7e78fa624f249681d049595ee1014ed67d46b890abd8cd33b89242a","/static/js/main.25464f48.chunk.js":"c038972fa86b7ea5ea2ccdb6f835a70ffc4f5aa824d0e382317a4cbb8c72f520","/static/js/main.25464f48.chunk.js.map":"6a9c98183715cf6837991d5d3d866035e3c272531bf6467788b5962179e4b09a","/static/js/3.a651eba0.chunk.js.map":"9de526077f3739bead32a20c0f50c39d314254517572d431d24c8428bbfbf628","/static/js/runtime-main.b8fd2991.js":"d4829fec830f08e43a501f6112e5d03b5e85be853ac65bda02d3954cac7e1f71","/static/media/logo.6ce24c58.svg":"7d3ee40656c5a13fa0b04821777c1ba40bd028faa5c0e7475f61021d03fd35d6","/static/js/runtime-main.b8fd2991.js.map":"f84f9df12850dda72549f8fc822a393c306ee60265f54ff9bb3d20404e6e8e7c","/static/js/2.ab4f64d7.chunk.js":"eba42d895a9e6b7d89795d074889542a2ba214ac8d8410d80902dd4d24f9b3b0","/static/js/2.ab4f64d7.chunk.js.map":"b8e77966f1a7127e22403fcbe7a094b293b1f64c465bd616fd21870c2a75097a"}}
